<?xml version="1.0" encoding="UTF-8"?>
<!-- Generated by org.testng.reporters.JUnitXMLReporter -->
<testsuite ignored="1" hostname="DESKTOP-UA7G0ND" failures="3" tests="18" name="Learn Testng Framework" time="0.259" errors="0" timestamp="2024-08-10T16:40:51 IST">
  <testcase classname="TestngDemo.Testng_Day2" name="demo3" time="0.007"/>
  <testcase classname="TestngDemo.Testng_Day2" name="demo6" time="0.003"/>
  <testcase classname="TestngDemo.Testng_Day1" name="demo1" time="0.001"/>
  <testcase classname="TestngDemo.Testng_Day1" name="demo2" time="0.003"/>
  <testcase classname="TestngDemo.Testng_Day3" name="carLoan" time="0.003"/>
  <testcase classname="TestngDemo.Testng_Day3" name="learnBDD" time="0.002"/>
  <testcase classname="TestngDemo.Testng_Day3" name="loginAPI" time="0.003"/>
  <testcase classname="TestngDemo.Testng_Day4" name="RestAPIFundamentals" time="0.004"/>
  <testcase classname="TestngDemo.Testng_Day4" name="RestAPILogic" time="0.003"/>
  <testcase classname="TestngDemo.Testng_Day4" name="RestAPIPrinciples" time="0.0">
    <failure type="org.testng.TestNGException" message="
Parameter &amp;apos;UserName&amp;apos; is required by @Test on method RestAPIPrinciples but has not been marked @Optional or defined
in C:\Users\Dell\eclipse-workspace\RevisionSeleniumTime\testng7.xml">
      <![CDATA[org.testng.TestNGException: 
Parameter 'UserName' is required by @Test on method RestAPIPrinciples but has not been marked @Optional or defined
in C:\Users\Dell\eclipse-workspace\RevisionSeleniumTime\testng7.xml
at java.base/java.util.ArrayList.forEach(ArrayList.java:1596)
... Removed 26 stack frames]]>
    </failure>
  </testcase> <!-- RestAPIPrinciples -->
  <testcase classname="TestngDemo.TestngHelperAttribute" name="checkout" time="0.004"/>
  <testcase classname="TestngDemo.TestngHelperAttribute" name="guestLogin" time="0.006"/>
  <testcase classname="TestngDemo.TestngHelperAttribute" name="paymentDetails" time="0.012"/>
  <testcase classname="TestngDemo.TestngHelperAttribute" name="signUp" time="0.003"/>
  <testcase classname="TestngDemo.TestngHelperAttribute" name="login" time="0.005"/>
  <testcase classname="TestngDemo.ParameterisingTestngXMLFile" name="getDetails" time="0.0">
    <failure type="org.testng.TestNGException" message="
Parameter &amp;apos;UserName&amp;apos; is required by @Test on method getDetails but has not been marked @Optional or defined
in C:\Users\Dell\eclipse-workspace\RevisionSeleniumTime\testng7.xml">
      <![CDATA[org.testng.TestNGException: 
Parameter 'UserName' is required by @Test on method getDetails but has not been marked @Optional or defined
in C:\Users\Dell\eclipse-workspace\RevisionSeleniumTime\testng7.xml
at java.base/java.util.ArrayList.forEach(ArrayList.java:1596)
... Removed 26 stack frames]]>
    </failure>
  </testcase> <!-- getDetails -->
  <testcase classname="TestngDemo.ParameterisingTestngXMLFile" name="getEncryptedData" time="0.0">
    <failure type="org.testng.TestNGException" message="
Parameter &amp;apos;Password&amp;apos; is required by @Test on method getEncryptedData but has not been marked @Optional or defined
in C:\Users\Dell\eclipse-workspace\RevisionSeleniumTime\testng7.xml">
      <![CDATA[org.testng.TestNGException: 
Parameter 'Password' is required by @Test on method getEncryptedData but has not been marked @Optional or defined
in C:\Users\Dell\eclipse-workspace\RevisionSeleniumTime\testng7.xml
at java.base/java.util.ArrayList.forEach(ArrayList.java:1596)
... Removed 26 stack frames]]>
    </failure>
  </testcase> <!-- getEncryptedData -->
  <testcase classname="TestngDemo.Parameterising" name="getData" time="0.001"/>
  <testcase classname="TestngDemo.TestngHelperAttribute" name="applyCoupon" time="0.0">
    <ignored/>
  </testcase> <!-- applyCoupon -->
</testsuite> <!-- Learn Testng Framework -->
