<html>
<head>
<title>TestNG:  Learn Testng Framework</title>
<link href="../testng.css" rel="stylesheet" type="text/css" />
<link href="../my-testng.css" rel="stylesheet" type="text/css" />

<style type="text/css">
.log { display: none;} 
.stack-trace { display: none;} 
</style>
<script type="text/javascript">
<!--
function flip(e) {
  current = e.style.display;
  if (current == 'block') {
    e.style.display = 'none';
    return 0;
  }
  else {
    e.style.display = 'block';
    return 1;
  }
}

function toggleBox(szDivId, elem, msg1, msg2)
{
  var res = -1;  if (document.getElementById) {
    res = flip(document.getElementById(szDivId));
  }
  else if (document.all) {
    // this is the way old msie versions work
    res = flip(document.all[szDivId]);
  }
  if(elem) {
    if(res == 0) elem.innerHTML = msg1; else elem.innerHTML = msg2;
  }

}

function toggleAllBoxes() {
  if (document.getElementsByTagName) {
    d = document.getElementsByTagName('div');
    for (i = 0; i < d.length; i++) {
      if (d[i].className == 'log') {
        flip(d[i]);
      }
    }
  }
}

// -->
</script>

</head>
<body>
<h2 align='center'>Learn Testng Framework</h2><table border='1' align="center">
<tr>
<td>Tests passed/Failed/Skipped:</td><td>15/3/0</td>
</tr><tr>
<td>Started on:</td><td>Sat Aug 10 16:40:51 IST 2024</td>
</tr>
<tr><td>Total time:</td><td>0 seconds (259 ms)</td>
</tr><tr>
<td>Included groups:</td><td></td>
</tr><tr>
<td>Excluded groups:</td><td></td>
</tr>
</table><p/>
<small><i>(Hover the method name to see the test class name)</i></small><p/>
<table width='100%' border='1' class='invocation-failed'>
<tr><td colspan='4' align='center'><b>FAILED TESTS</b></td></tr>
<tr><td><b>Test method</b></td>
<td><b>Attribute(s)</b></td>
<td width="30%"><b>Exception</b></td>
<td width="10%"><b>Time (seconds)</b></td>
<td><b>Instance</b></td>
</tr>
<tr>
<td title='TestngDemo.ParameterisingTestngXMLFile.getDetails()'><b>getDetails</b><br>Test class: TestngDemo.ParameterisingTestngXMLFile</td>
<td><div><pre>org.testng.TestNGException: 
Parameter &apos;UserName&apos; is required by @Test on method getDetails but has not been marked @Optional or defined
in C:\Users\Dell\eclipse-workspace\RevisionSeleniumTime\testng7.xml
	at java.base/java.util.ArrayList.forEach(ArrayList.java:1596)
... Removed 26 stack frames</pre></div><a href='#' onClick='toggleBox("stack-trace477533894", this, "Click to show all stack frames", "Click to hide stack frames")'>Click to show all stack frames</a>
<div class='stack-trace' id='stack-trace477533894'><pre>org.testng.TestNGException: 
Parameter &apos;UserName&apos; is required by @Test on method getDetails but has not been marked @Optional or defined
in C:\Users\Dell\eclipse-workspace\RevisionSeleniumTime\testng7.xml
	at org.testng.internal.Parameters.createParams(Parameters.java:264)
	at org.testng.internal.Parameters.createParametersForMethod(Parameters.java:352)
	at org.testng.internal.Parameters.createParameters(Parameters.java:690)
	at org.testng.internal.Parameters.handleParameters(Parameters.java:885)
	at org.testng.internal.Parameters.handleParameters(Parameters.java:734)
	at org.testng.internal.invokers.ParameterHandler.handleParameters(ParameterHandler.java:72)
	at org.testng.internal.invokers.ParameterHandler.createParameters(ParameterHandler.java:51)
	at org.testng.internal.invokers.TestInvoker$MethodInvocationAgent.invoke(TestInvoker.java:946)
	at org.testng.internal.invokers.TestInvoker.invokeTestMethods(TestInvoker.java:203)
	at org.testng.internal.invokers.TestMethodWorker.invokeTestMethods(TestMethodWorker.java:154)
	at org.testng.internal.invokers.TestMethodWorker.run(TestMethodWorker.java:134)
	at java.base/java.util.ArrayList.forEach(ArrayList.java:1596)
	at org.testng.TestRunner.privateRun(TestRunner.java:739)
	at org.testng.TestRunner.run(TestRunner.java:614)
	at org.testng.SuiteRunner.runTest(SuiteRunner.java:421)
	at org.testng.SuiteRunner.runSequentially(SuiteRunner.java:413)
	at org.testng.SuiteRunner.privateRun(SuiteRunner.java:373)
	at org.testng.SuiteRunner.run(SuiteRunner.java:312)
	at org.testng.SuiteRunnerWorker.runSuite(SuiteRunnerWorker.java:52)
	at org.testng.SuiteRunnerWorker.run(SuiteRunnerWorker.java:95)
	at org.testng.TestNG.runSuitesSequentially(TestNG.java:1274)
	at org.testng.TestNG.runSuitesLocally(TestNG.java:1208)
	at org.testng.TestNG.runSuites(TestNG.java:1112)
	at org.testng.TestNG.run(TestNG.java:1079)
	at org.testng.remote.AbstractRemoteTestNG.run(AbstractRemoteTestNG.java:115)
	at org.testng.remote.RemoteTestNG.initAndRun(RemoteTestNG.java:293)
	at org.testng.remote.RemoteTestNG.main(RemoteTestNG.java:91)
</pre></div></td>
<td>0</td>
<td>TestngDemo.ParameterisingTestngXMLFile@6f4a47c7</td></tr>
<tr>
<td title='TestngDemo.Testng_Day4.RestAPIPrinciples()'><b>RestAPIPrinciples</b><br>Test class: TestngDemo.Testng_Day4</td>
<td><div><pre>org.testng.TestNGException: 
Parameter &apos;UserName&apos; is required by @Test on method RestAPIPrinciples but has not been marked @Optional or defined
in C:\Users\Dell\eclipse-workspace\RevisionSeleniumTime\testng7.xml
	at java.base/java.util.ArrayList.forEach(ArrayList.java:1596)
... Removed 26 stack frames</pre></div><a href='#' onClick='toggleBox("stack-trace775514090", this, "Click to show all stack frames", "Click to hide stack frames")'>Click to show all stack frames</a>
<div class='stack-trace' id='stack-trace775514090'><pre>org.testng.TestNGException: 
Parameter &apos;UserName&apos; is required by @Test on method RestAPIPrinciples but has not been marked @Optional or defined
in C:\Users\Dell\eclipse-workspace\RevisionSeleniumTime\testng7.xml
	at org.testng.internal.Parameters.createParams(Parameters.java:264)
	at org.testng.internal.Parameters.createParametersForMethod(Parameters.java:352)
	at org.testng.internal.Parameters.createParameters(Parameters.java:690)
	at org.testng.internal.Parameters.handleParameters(Parameters.java:885)
	at org.testng.internal.Parameters.handleParameters(Parameters.java:734)
	at org.testng.internal.invokers.ParameterHandler.handleParameters(ParameterHandler.java:72)
	at org.testng.internal.invokers.ParameterHandler.createParameters(ParameterHandler.java:51)
	at org.testng.internal.invokers.TestInvoker$MethodInvocationAgent.invoke(TestInvoker.java:946)
	at org.testng.internal.invokers.TestInvoker.invokeTestMethods(TestInvoker.java:203)
	at org.testng.internal.invokers.TestMethodWorker.invokeTestMethods(TestMethodWorker.java:154)
	at org.testng.internal.invokers.TestMethodWorker.run(TestMethodWorker.java:134)
	at java.base/java.util.ArrayList.forEach(ArrayList.java:1596)
	at org.testng.TestRunner.privateRun(TestRunner.java:739)
	at org.testng.TestRunner.run(TestRunner.java:614)
	at org.testng.SuiteRunner.runTest(SuiteRunner.java:421)
	at org.testng.SuiteRunner.runSequentially(SuiteRunner.java:413)
	at org.testng.SuiteRunner.privateRun(SuiteRunner.java:373)
	at org.testng.SuiteRunner.run(SuiteRunner.java:312)
	at org.testng.SuiteRunnerWorker.runSuite(SuiteRunnerWorker.java:52)
	at org.testng.SuiteRunnerWorker.run(SuiteRunnerWorker.java:95)
	at org.testng.TestNG.runSuitesSequentially(TestNG.java:1274)
	at org.testng.TestNG.runSuitesLocally(TestNG.java:1208)
	at org.testng.TestNG.runSuites(TestNG.java:1112)
	at org.testng.TestNG.run(TestNG.java:1079)
	at org.testng.remote.AbstractRemoteTestNG.run(AbstractRemoteTestNG.java:115)
	at org.testng.remote.RemoteTestNG.initAndRun(RemoteTestNG.java:293)
	at org.testng.remote.RemoteTestNG.main(RemoteTestNG.java:91)
</pre></div></td>
<td>0</td>
<td>TestngDemo.Testng_Day4@20d525</td></tr>
<tr>
<td title='TestngDemo.ParameterisingTestngXMLFile.getEncryptedData()'><b>getEncryptedData</b><br>Test class: TestngDemo.ParameterisingTestngXMLFile</td>
<td><div><pre>org.testng.TestNGException: 
Parameter &apos;Password&apos; is required by @Test on method getEncryptedData but has not been marked @Optional or defined
in C:\Users\Dell\eclipse-workspace\RevisionSeleniumTime\testng7.xml
	at java.base/java.util.ArrayList.forEach(ArrayList.java:1596)
... Removed 26 stack frames</pre></div><a href='#' onClick='toggleBox("stack-trace538185145", this, "Click to show all stack frames", "Click to hide stack frames")'>Click to show all stack frames</a>
<div class='stack-trace' id='stack-trace538185145'><pre>org.testng.TestNGException: 
Parameter &apos;Password&apos; is required by @Test on method getEncryptedData but has not been marked @Optional or defined
in C:\Users\Dell\eclipse-workspace\RevisionSeleniumTime\testng7.xml
	at org.testng.internal.Parameters.createParams(Parameters.java:264)
	at org.testng.internal.Parameters.createParametersForMethod(Parameters.java:352)
	at org.testng.internal.Parameters.createParameters(Parameters.java:690)
	at org.testng.internal.Parameters.handleParameters(Parameters.java:885)
	at org.testng.internal.Parameters.handleParameters(Parameters.java:734)
	at org.testng.internal.invokers.ParameterHandler.handleParameters(ParameterHandler.java:72)
	at org.testng.internal.invokers.ParameterHandler.createParameters(ParameterHandler.java:51)
	at org.testng.internal.invokers.TestInvoker$MethodInvocationAgent.invoke(TestInvoker.java:946)
	at org.testng.internal.invokers.TestInvoker.invokeTestMethods(TestInvoker.java:203)
	at org.testng.internal.invokers.TestMethodWorker.invokeTestMethods(TestMethodWorker.java:154)
	at org.testng.internal.invokers.TestMethodWorker.run(TestMethodWorker.java:134)
	at java.base/java.util.ArrayList.forEach(ArrayList.java:1596)
	at org.testng.TestRunner.privateRun(TestRunner.java:739)
	at org.testng.TestRunner.run(TestRunner.java:614)
	at org.testng.SuiteRunner.runTest(SuiteRunner.java:421)
	at org.testng.SuiteRunner.runSequentially(SuiteRunner.java:413)
	at org.testng.SuiteRunner.privateRun(SuiteRunner.java:373)
	at org.testng.SuiteRunner.run(SuiteRunner.java:312)
	at org.testng.SuiteRunnerWorker.runSuite(SuiteRunnerWorker.java:52)
	at org.testng.SuiteRunnerWorker.run(SuiteRunnerWorker.java:95)
	at org.testng.TestNG.runSuitesSequentially(TestNG.java:1274)
	at org.testng.TestNG.runSuitesLocally(TestNG.java:1208)
	at org.testng.TestNG.runSuites(TestNG.java:1112)
	at org.testng.TestNG.run(TestNG.java:1079)
	at org.testng.remote.AbstractRemoteTestNG.run(AbstractRemoteTestNG.java:115)
	at org.testng.remote.RemoteTestNG.initAndRun(RemoteTestNG.java:293)
	at org.testng.remote.RemoteTestNG.main(RemoteTestNG.java:91)
</pre></div></td>
<td>0</td>
<td>TestngDemo.ParameterisingTestngXMLFile@6f4a47c7</td></tr>
</table><p>
<table width='100%' border='1' class='invocation-passed'>
<tr><td colspan='4' align='center'><b>PASSED TESTS</b></td></tr>
<tr><td><b>Test method</b></td>
<td><b>Attribute(s)</b></td>
<td width="30%"><b>Exception</b></td>
<td width="10%"><b>Time (seconds)</b></td>
<td><b>Instance</b></td>
</tr>
<tr>
<td title='TestngDemo.Testng_Day1.demo2()'><b>demo2</b><br>Test class: TestngDemo.Testng_Day1</td>
<td></td>
<td>0</td>
<td>TestngDemo.Testng_Day1@37ceb1df</td></tr>
<tr>
<td title='TestngDemo.Testng_Day4.RestAPIFundamentals()'><b>RestAPIFundamentals</b><br>Test class: TestngDemo.Testng_Day4</td>
<td></td>
<td>0</td>
<td>TestngDemo.Testng_Day4@20d525</td></tr>
<tr>
<td title='TestngDemo.TestngHelperAttribute.signUp()'><b>signUp</b><br>Test class: TestngDemo.TestngHelperAttribute</td>
<td></td>
<td>0</td>
<td>TestngDemo.TestngHelperAttribute@69453e37</td></tr>
<tr>
<td title='TestngDemo.Testng_Day4.RestAPILogic()'><b>RestAPILogic</b><br>Test class: TestngDemo.Testng_Day4</td>
<td></td>
<td>0</td>
<td>TestngDemo.Testng_Day4@20d525</td></tr>
<tr>
<td title='TestngDemo.Testng_Day3.learnBDD()'><b>learnBDD</b><br>Test class: TestngDemo.Testng_Day3</td>
<td></td>
<td>0</td>
<td>TestngDemo.Testng_Day3@7c9d8e2</td></tr>
<tr>
<td title='TestngDemo.TestngHelperAttribute.guestLogin()'><b>guestLogin</b><br>Test class: TestngDemo.TestngHelperAttribute</td>
<td></td>
<td>0</td>
<td>TestngDemo.TestngHelperAttribute@69453e37</td></tr>
<tr>
<td title='TestngDemo.Testng_Day3.carLoan()'><b>carLoan</b><br>Test class: TestngDemo.Testng_Day3</td>
<td></td>
<td>0</td>
<td>TestngDemo.Testng_Day3@7c9d8e2</td></tr>
<tr>
<td title='TestngDemo.Testng_Day2.demo3()'><b>demo3</b><br>Test class: TestngDemo.Testng_Day2</td>
<td></td>
<td>0</td>
<td>TestngDemo.Testng_Day2@9d5509a</td></tr>
<tr>
<td title='TestngDemo.Testng_Day2.demo6()'><b>demo6</b><br>Test class: TestngDemo.Testng_Day2</td>
<td></td>
<td>0</td>
<td>TestngDemo.Testng_Day2@9d5509a</td></tr>
<tr>
<td title='TestngDemo.Parameterising.getData()'><b>getData</b><br>Test class: TestngDemo.Parameterising<br>Parameters: https://rahulshettyacademy.com</td>
<td></td>
<td>0</td>
<td>TestngDemo.Parameterising@ae13544</td></tr>
<tr>
<td title='TestngDemo.Testng_Day1.demo1()'><b>demo1</b><br>Test class: TestngDemo.Testng_Day1</td>
<td></td>
<td>0</td>
<td>TestngDemo.Testng_Day1@37ceb1df</td></tr>
<tr>
<td title='TestngDemo.TestngHelperAttribute.checkout()'><b>checkout</b><br>Test class: TestngDemo.TestngHelperAttribute</td>
<td></td>
<td>0</td>
<td>TestngDemo.TestngHelperAttribute@69453e37</td></tr>
<tr>
<td title='TestngDemo.TestngHelperAttribute.login()'><b>login</b><br>Test class: TestngDemo.TestngHelperAttribute</td>
<td></td>
<td>0</td>
<td>TestngDemo.TestngHelperAttribute@69453e37</td></tr>
<tr>
<td title='TestngDemo.Testng_Day3.loginAPI()'><b>loginAPI</b><br>Test class: TestngDemo.Testng_Day3</td>
<td></td>
<td>0</td>
<td>TestngDemo.Testng_Day3@7c9d8e2</td></tr>
<tr>
<td title='TestngDemo.TestngHelperAttribute.paymentDetails()'><b>paymentDetails</b><br>Test class: TestngDemo.TestngHelperAttribute</td>
<td></td>
<td>0</td>
<td>TestngDemo.TestngHelperAttribute@69453e37</td></tr>
</table><p>
</body>
</html>